-------------------------------------------------------------------------------
Test set: TestArrayList
-------------------------------------------------------------------------------
Tests run: 1, Failures: 1, Errors: 0, Skipped: 0, Time elapsed: 0.047 s <<< FAILURE! - in TestArrayList
testArrayListFunction(TestArrayList)  Time elapsed: 0.005 s  <<< FAILURE!
java.lang.AssertionError: Build failed due to mismatch in actual and expected expected:<[asjjk, hhfj]> but was:<[asjjk, hhfj, dshdsjh]>
	at TestArrayList.testArrayListFunction(TestArrayList.java:18)

